<?xml version="1.0" encoding="UTF-8"?>
<!-- Generated by org.testng.reporters.JUnitReportReporter -->
<testsuite hostname="DIPPU" failures="0" tests="1" name="Git.Git_Practice.Demo" time="10.998" errors="0" timestamp="2024-03-13T10:29:42 IST" skipped="0">
  <testcase classname="Git.Git_Practice.Demo" name="mOne" time="10.998"/>
  <system-out/>
</testsuite> <!-- Git.Git_Practice.Demo -->
